#
# A fatal error has been detected by the Java Runtime Environment:
#
#  EXCEPTION_ACCESS_VIOLATION (0xc0000005) at pc=0x0000000180003d1b, pid=13276, tid=0x000000000000365c
#
# JRE version: Java(TM) SE Runtime Environment (8.0_281-b09) (build 1.8.0_281-b09)
# Java VM: Java HotSpot(TM) 64-Bit Server VM (25.281-b09 mixed mode windows-amd64 compressed oops)
# Problematic frame:
# C  [jnisgfplib.dll+0x3d1b]
#
# Failed to write core dump. Minidumps are not enabled by default on client versions of Windows
#
# If you would like to submit a bug report, please visit:
#   http://bugreport.java.com/bugreport/crash.jsp
# The crash happened outside the Java Virtual Machine in native code.
# See problematic frame for where to report the bug.
#

---------------  T H R E A D  ---------------

Current thread (0x000002cff8bc0800):  JavaThread "AWT-EventQueue-0" [_thread_in_native, id=13916, stack(0x000000f3a7d00000,0x000000f3a7e00000)]

siginfo: ExceptionCode=0xc0000005, reading address 0x0000000000000000

Registers:
RAX=0x000002cffd7e0080, RBX=0x000002cffc23ff68, RCX=0x000000007ffe0380, RDX=0x0000000000000001
RSP=0x000000f3a7dfe070, RBP=0x000000f3a7dfe178, RSI=0x00000000d643e3e0, RDI=0x00000000000003a7
R8 =0x0000000000000013, R9 =0x0000000000000001, R10=0x0000000000000000, R11=0x000002cffd5e7dc0
R12=0x0000000000000000, R13=0x000002cffc23ff68, R14=0x000000f3a7dfe1d0, R15=0x000002cff8bc0800
RIP=0x0000000180003d1b, EFLAGS=0x0000000000010206

Top of Stack: (sp=0x000000f3a7dfe070)
0x000000f3a7dfe070:   000002cffc23ff68 00000000d643e3e0
0x000000f3a7dfe080:   0000000000000108 000002cff703534e
0x000000f3a7dfe090:   000000f3a7dfe180 0000000056280795
0x000000f3a7dfe0a0:   000002cffd7e0080 0000000000000002
0x000000f3a7dfe0b0:   000002cf000130b0 000002cff7035368
0x000000f3a7dfe0c0:   000002cff6ddbf52 000002cf80019f4e
0x000000f3a7dfe0d0:   000002cff8bc09f8 000000f3a7dfe1d0
0x000000f3a7dfe0e0:   000000f3a7dfe1c8 0000000000000bb8
0x000000f3a7dfe0f0:   0000000000000000 0000000000000032
0x000000f3a7dfe100:   0000000000000176 000002cf80023e3d
0x000000f3a7dfe110:   0000000000000000 000000f3a7dfe118
0x000000f3a7dfe120:   0000000000000001 0000000100000b68
0x000000f3a7dfe130:   000002cff8bc0800 000000f3a7dfe138
0x000000f3a7dfe140:   0000000000000000 000000f3a7dfe1d0
0x000000f3a7dfe150:   000002cffc2a1060 0000000000000000
0x000000f3a7dfe160:   000002cffc23ff68 0000000000000000 

Instructions: (pc=0x0000000180003d1b)
0x0000000180003cfb:   e8 10 d5 ff ff 89 44 24 40 48 63 4c 24 40 ff 15
0x0000000180003d0b:   d9 13 00 00 48 89 44 24 30 4c 8b 15 9d 38 00 00
0x0000000180003d1b:   4d 8b 12 8b 84 24 88 00 00 00 89 44 24 20 4c 8b
0x0000000180003d2b:   8c 24 80 00 00 00 44 8b 44 24 78 48 8b 54 24 30 


Register to memory mapping:

RAX=0x000002cffd7e0080 is an unknown value
RBX={method} {0x000002cffc23ff70} 'GetImageEx' '([BJJJ)J' in 'SecuGen/FDxSDKPro/jni/JSGFPLib'
RCX=0x000000007ffe0380 is an unknown value
RDX=0x0000000000000001 is an unknown value
RSP=0x000000f3a7dfe070 is pointing into the stack for thread: 0x000002cff8bc0800
RBP=0x000000f3a7dfe178 is pointing into the stack for thread: 0x000002cff8bc0800
RSI=0x00000000d643e3e0 is an oop
sun.java2d.StateTrackableDelegate 
 - klass: 'sun/java2d/StateTrackableDelegate'
RDI=0x00000000000003a7 is an unknown value
R8 =0x0000000000000013 is an unknown value
R9 =0x0000000000000001 is an unknown value
R10=0x0000000000000000 is an unknown value
R11=0x000002cffd5e7dc0 is an unknown value
R12=0x0000000000000000 is an unknown value
R13={method} {0x000002cffc23ff70} 'GetImageEx' '([BJJJ)J' in 'SecuGen/FDxSDKPro/jni/JSGFPLib'
R14=0x000000f3a7dfe1d0 is pointing into the stack for thread: 0x000002cff8bc0800
R15=0x000002cff8bc0800 is a thread


Stack: [0x000000f3a7d00000,0x000000f3a7e00000],  sp=0x000000f3a7dfe070,  free space=1016k
Native frames: (J=compiled Java code, j=interpreted, Vv=VM code, C=native code)
C  [jnisgfplib.dll+0x3d1b]
C  0x000002cf80019f4e

Java frames: (J=compiled Java code, j=interpreted, Vv=VM code)
j  SecuGen.FDxSDKPro.jni.JSGFPLib.GetImageEx([BJJJ)J+0
j  ventanas.Ingreso.huella()V+42
j  ventanas.Ingreso$3.actionPerformed(Ljava/awt/event/ActionEvent;)V+4
j  javax.swing.Timer.fireActionPerformed(Ljava/awt/event/ActionEvent;)V+34
j  javax.swing.Timer$DoPostEvent.run()V+74
J 1467 C1 java.awt.event.InvocationEvent.dispatch()V (69 bytes) @ 0x000002cf80122854 [0x000002cf80122640+0x214]
J 1309 C1 java.awt.EventQueue.dispatchEventImpl(Ljava/awt/AWTEvent;Ljava/lang/Object;)V (149 bytes) @ 0x000002cf804640c4 [0x000002cf80462600+0x1ac4]
J 1310 C1 java.awt.EventQueue$3.run()Ljava/lang/Void; (60 bytes) @ 0x000002cf80460acc [0x000002cf804608c0+0x20c]
J 1265 C1 java.awt.EventQueue$3.run()Ljava/lang/Object; (5 bytes) @ 0x000002cf80437c4c [0x000002cf80437bc0+0x8c]
v  ~StubRoutines::call_stub
J 608  java.security.AccessController.doPrivileged(Ljava/security/PrivilegedAction;Ljava/security/AccessControlContext;)Ljava/lang/Object; (0 bytes) @ 0x000002cf8026b0e6 [0x000002cf8026b080+0x66]
J 1263 C1 java.awt.EventQueue.dispatchEvent(Ljava/awt/AWTEvent;)V (80 bytes) @ 0x000002cf80436284 [0x000002cf80435900+0x984]
J 1268 C1 java.awt.EventDispatchThread.pumpOneEventForFilters(I)V (190 bytes) @ 0x000002cf804398cc [0x000002cf80438780+0x114c]
j  java.awt.EventDispatchThread.pumpEventsForFilter(ILjava/awt/Conditional;Ljava/awt/EventFilter;)V+35
j  java.awt.EventDispatchThread.pumpEventsForHierarchy(ILjava/awt/Conditional;Ljava/awt/Component;)V+11
j  java.awt.EventDispatchThread.pumpEvents(ILjava/awt/Conditional;)V+4
j  java.awt.EventDispatchThread.pumpEvents(Ljava/awt/Conditional;)V+3
j  java.awt.EventDispatchThread.run()V+9
v  ~StubRoutines::call_stub

---------------  P R O C E S S  ---------------

Java Threads: ( => current thread )
  0x000002cff98d9800 JavaThread "Abandoned connection cleanup thread" daemon [_thread_blocked, id=8464, stack(0x000000f3a7e00000,0x000000f3a7f00000)]
  0x000002cffae2f800 JavaThread "TimerQueue" daemon [_thread_blocked, id=11432, stack(0x000000f3a8200000,0x000000f3a8300000)]
  0x000002cff02ff800 JavaThread "DestroyJavaVM" [_thread_blocked, id=13716, stack(0x000000f3a6b00000,0x000000f3a6c00000)]
=>0x000002cff8bc0800 JavaThread "AWT-EventQueue-0" [_thread_in_native, id=13916, stack(0x000000f3a7d00000,0x000000f3a7e00000)]
  0x000002cff8ba2800 JavaThread "AWT-Windows" daemon [_thread_in_native, id=124, stack(0x000000f3a7c00000,0x000000f3a7d00000)]
  0x000002cff8ba1000 JavaThread "AWT-Shutdown" [_thread_blocked, id=2608, stack(0x000000f3a7b00000,0x000000f3a7c00000)]
  0x000002cff8b9e800 JavaThread "Java2D Disposer" daemon [_thread_blocked, id=5080, stack(0x000000f3a7a00000,0x000000f3a7b00000)]
  0x000002cff7b39000 JavaThread "Service Thread" daemon [_thread_blocked, id=14800, stack(0x000000f3a7800000,0x000000f3a7900000)]
  0x000002cff7aca800 JavaThread "C1 CompilerThread2" daemon [_thread_blocked, id=15016, stack(0x000000f3a7700000,0x000000f3a7800000)]
  0x000002cff7abb000 JavaThread "C2 CompilerThread1" daemon [_thread_blocked, id=11808, stack(0x000000f3a7600000,0x000000f3a7700000)]
  0x000002cff7ab5800 JavaThread "C2 CompilerThread0" daemon [_thread_blocked, id=4048, stack(0x000000f3a7500000,0x000000f3a7600000)]
  0x000002cff7ab3800 JavaThread "Attach Listener" daemon [_thread_blocked, id=14152, stack(0x000000f3a7400000,0x000000f3a7500000)]
  0x000002cff7ab0800 JavaThread "Signal Dispatcher" daemon [_thread_blocked, id=6952, stack(0x000000f3a7300000,0x000000f3a7400000)]
  0x000002cff05d1000 JavaThread "Finalizer" daemon [_thread_blocked, id=8140, stack(0x000000f3a7200000,0x000000f3a7300000)]
  0x000002cff7a96000 JavaThread "Reference Handler" daemon [_thread_blocked, id=6216, stack(0x000000f3a7100000,0x000000f3a7200000)]

Other Threads:
  0x000002cff7a72000 VMThread [stack: 0x000000f3a7000000,0x000000f3a7100000] [id=13888]
  0x000002cff7b5d000 WatcherThread [stack: 0x000000f3a7900000,0x000000f3a7a00000] [id=4480]

VM state:not at safepoint (normal execution)

VM Mutex/Monitor currently owned by a thread: None

heap address: 0x0000000081400000, size: 2028 MB, Compressed Oops mode: 32-bit
Narrow klass base: 0x0000000000000000, Narrow klass shift: 3
Compressed class space size: 1073741824 Address: 0x0000000100000000

Heap:
 PSYoungGen      total 71680K, used 48573K [0x00000000d5c00000, 0x00000000da700000, 0x0000000100000000)
  eden space 66560K, 65% used [0x00000000d5c00000,0x00000000d86758b0,0x00000000d9d00000)
  from space 5120K, 99% used [0x00000000da200000,0x00000000da6f9b78,0x00000000da700000)
  to   space 5120K, 0% used [0x00000000d9d00000,0x00000000d9d00000,0x00000000da200000)
 ParOldGen       total 87552K, used 46589K [0x0000000081400000, 0x0000000086980000, 0x00000000d5c00000)
  object space 87552K, 53% used [0x0000000081400000,0x000000008417f6f0,0x0000000086980000)
 Metaspace       used 18111K, capacity 18312K, committed 18688K, reserved 1064960K
  class space    used 2179K, capacity 2257K, committed 2304K, reserved 1048576K

Card table byte_map: [0x000002cff2160000,0x000002cff2560000] byte_map_base: 0x000002cff1d56000

Marking Bits: (ParMarkBitMap*) 0x00000000569a6ff0
 Begin Bits: [0x000002cff2810000, 0x000002cff47c0000)
 End Bits:   [0x000002cff47c0000, 0x000002cff6770000)

Polling page: 0x000002cff02b0000

CodeCache: size=245760Kb used=6142Kb max_used=6142Kb free=239617Kb
 bounds [0x000002cf80000000, 0x000002cf80610000, 0x000002cf8f000000]
 total_blobs=2378 nmethods=1784 adapters=505
 compilation: enabled

Compilation events (10 events):
Event: 312.500 Thread 0x000002cff7aca800 1872   !   3       java.lang.ClassLoader::findNative (86 bytes)
Event: 312.501 Thread 0x000002cff7aca800 nmethod 1872 0x000002cf805f2a90 code [0x000002cf805f2c40, 0x000002cf805f3500]
Event: 312.510 Thread 0x000002cff7aca800 1873   !   3       sun.java2d.pipe.AAShapePipe::renderTiles (349 bytes)
Event: 312.513 Thread 0x000002cff7aca800 nmethod 1873 0x000002cf805fe0d0 code [0x000002cf805fe4c0, 0x000002cf80600bc0]
Event: 312.513 Thread 0x000002cff7aca800 1876       3       java.util.IdentityHashMap::clear (39 bytes)
Event: 312.513 Thread 0x000002cff7aca800 nmethod 1876 0x000002cf805f93d0 code [0x000002cf805f9540, 0x000002cf805f9898]
Event: 312.513 Thread 0x000002cff7aca800 1874   !   3       sun.java2d.SunGraphics2D::drawImage (145 bytes)
Event: 312.515 Thread 0x000002cff7aca800 nmethod 1874 0x000002cf80602c10 code [0x000002cf80602e80, 0x000002cf80604300]
Event: 312.515 Thread 0x000002cff7aca800 1875       3       sun.java2d.pipe.DrawImage::copyImage (60 bytes)
Event: 312.516 Thread 0x000002cff7aca800 nmethod 1875 0x000002cf805f8710 code [0x000002cf805f88e0, 0x000002cf805f90d0]

GC Heap History (4 events):
Event: 0.663 GC heap before
{Heap before GC invocations=1 (full 0):
 PSYoungGen      total 38400K, used 33280K [0x00000000d5c00000, 0x00000000d8680000, 0x0000000100000000)
  eden space 33280K, 100% used [0x00000000d5c00000,0x00000000d7c80000,0x00000000d7c80000)
  from space 5120K, 0% used [0x00000000d8180000,0x00000000d8180000,0x00000000d8680000)
  to   space 5120K, 0% used [0x00000000d7c80000,0x00000000d7c80000,0x00000000d8180000)
 ParOldGen       total 87552K, used 0K [0x0000000081400000, 0x0000000086980000, 0x00000000d5c00000)
  object space 87552K, 0% used [0x0000000081400000,0x0000000081400000,0x0000000086980000)
 Metaspace       used 11809K, capacity 12032K, committed 12416K, reserved 1060864K
  class space    used 1498K, capacity 1578K, committed 1664K, reserved 1048576K
Event: 0.682 GC heap after
Heap after GC invocations=1 (full 0):
 PSYoungGen      total 38400K, used 2464K [0x00000000d5c00000, 0x00000000da700000, 0x0000000100000000)
  eden space 33280K, 0% used [0x00000000d5c00000,0x00000000d5c00000,0x00000000d7c80000)
  from space 5120K, 48% used [0x00000000d7c80000,0x00000000d7ee8000,0x00000000d8180000)
  to   space 5120K, 0% used [0x00000000da200000,0x00000000da200000,0x00000000da700000)
 ParOldGen       total 87552K, used 30969K [0x0000000081400000, 0x0000000086980000, 0x00000000d5c00000)
  object space 87552K, 35% used [0x0000000081400000,0x000000008323e4f8,0x0000000086980000)
 Metaspace       used 11809K, capacity 12032K, committed 12416K, reserved 1060864K
  class space    used 1498K, capacity 1578K, committed 1664K, reserved 1048576K
}
Event: 8.215 GC heap before
{Heap before GC invocations=2 (full 0):
 PSYoungGen      total 38400K, used 35744K [0x00000000d5c00000, 0x00000000da700000, 0x0000000100000000)
  eden space 33280K, 100% used [0x00000000d5c00000,0x00000000d7c80000,0x00000000d7c80000)
  from space 5120K, 48% used [0x00000000d7c80000,0x00000000d7ee8000,0x00000000d8180000)
  to   space 5120K, 0% used [0x00000000da200000,0x00000000da200000,0x00000000da700000)
 ParOldGen       total 87552K, used 30969K [0x0000000081400000, 0x0000000086980000, 0x00000000d5c00000)
  object space 87552K, 35% used [0x0000000081400000,0x000000008323e4f8,0x0000000086980000)
 Metaspace       used 15636K, capacity 15858K, committed 16128K, reserved 1062912K
  class space    used 1917K, capacity 1998K, committed 2048K, reserved 1048576K
Event: 8.229 GC heap after
Heap after GC invocations=2 (full 0):
 PSYoungGen      total 71680K, used 5094K [0x00000000d5c00000, 0x00000000da700000, 0x0000000100000000)
  eden space 66560K, 0% used [0x00000000d5c00000,0x00000000d5c00000,0x00000000d9d00000)
  from space 5120K, 99% used [0x00000000da200000,0x00000000da6f9b78,0x00000000da700000)
  to   space 5120K, 0% used [0x00000000d9d00000,0x00000000d9d00000,0x00000000da200000)
 ParOldGen       total 87552K, used 46589K [0x0000000081400000, 0x0000000086980000, 0x00000000d5c00000)
  object space 87552K, 53% used [0x0000000081400000,0x000000008417f6f0,0x0000000086980000)
 Metaspace       used 15636K, capacity 15858K, committed 16128K, reserved 1062912K
  class space    used 1917K, capacity 1998K, committed 2048K, reserved 1048576K
}

Deoptimization events (10 events):
Event: 12.726 Thread 0x000002cff98d9800 Uncommon trap: reason=unstable_if action=reinterpret pc=0x000002cf80311e74 method=java.lang.String.indexOf([CII[CIII)I @ 3
Event: 23.824 Thread 0x000002cff8bc0800 Uncommon trap: reason=predicate action=maybe_recompile pc=0x000002cf803bc7a0 method=java.awt.LinearGradientPaintContext.fillRaster([IIIIIII)V @ 56
Event: 23.824 Thread 0x000002cff8bc0800 Uncommon trap: reason=unstable_if action=reinterpret pc=0x000002cf802ff5bc method=java.awt.MultipleGradientPaintContext.indexIntoGradientsArrays(F)I @ 93
Event: 23.824 Thread 0x000002cff8bc0800 Uncommon trap: reason=unstable_if action=reinterpret pc=0x000002cf803ba5a0 method=java.awt.MultipleGradientPaintContext.indexIntoGradientsArrays(F)I @ 93
Event: 105.806 Thread 0x000002cff8bc0800 Uncommon trap: reason=unstable_if action=reinterpret pc=0x000002cf804b2fec method=sun.awt.image.OffScreenImageSource.sendPixels()V @ 663
Event: 150.333 Thread 0x000002cff8bc0800 Uncommon trap: reason=unstable_if action=reinterpret pc=0x000002cf801d35b8 method=java.util.HashMap.putVal(ILjava/lang/Object;Ljava/lang/Object;ZZ)Ljava/lang/Object; @ 109
Event: 150.361 Thread 0x000002cff8bc0800 Uncommon trap: reason=unstable_if action=reinterpret pc=0x000002cf801d93c8 method=java.util.HashMap.putVal(ILjava/lang/Object;Ljava/lang/Object;ZZ)Ljava/lang/Object; @ 109
Event: 150.436 Thread 0x000002cff8bc0800 Uncommon trap: reason=unstable_if action=reinterpret pc=0x000002cf8028d2a0 method=javax.swing.plaf.nimbus.DerivedColor.equals(Ljava/lang/Object;)Z @ 45
Event: 150.436 Thread 0x000002cff8bc0800 Uncommon trap: reason=unstable_if action=reinterpret pc=0x000002cf801aa520 method=javax.swing.plaf.nimbus.DerivedColor.equals(Ljava/lang/Object;)Z @ 45
Event: 153.527 Thread 0x000002cff8bc0800 Uncommon trap: reason=unstable_if action=reinterpret pc=0x000002cf8042fa00 method=java.awt.MultipleGradientPaintContext.indexIntoGradientsArrays(F)I @ 24

Classes redefined (0 events):
No events

Internal exceptions (10 events):
Event: 0.296 Thread 0x000002cff02ff800 Exception <a 'java/lang/ClassNotFoundException': javax/swing/JToolBarSeparator> (0x00000000d60281e0) thrown at [C:\jenkins\workspace\8-2-build-windows-amd64-cygwin\jdk8u281\880\hotspot\src\share\vm\classfile\systemDictionary.cpp, line 212]
Event: 0.296 Thread 0x000002cff02ff800 Exception <a 'java/lang/ClassNotFoundException': ToolBarSeparator> (0x00000000d6028678) thrown at [C:\jenkins\workspace\8-2-build-windows-amd64-cygwin\jdk8u281\880\hotspot\src\share\vm\classfile\systemDictionary.cpp, line 212]
Event: 0.296 Thread 0x000002cff02ff800 Exception <a 'java/lang/ClassNotFoundException': ToolTip> (0x00000000d6028db8) thrown at [C:\jenkins\workspace\8-2-build-windows-amd64-cygwin\jdk8u281\880\hotspot\src\share\vm\classfile\systemDictionary.cpp, line 212]
Event: 0.297 Thread 0x000002cff02ff800 Exception <a 'java/lang/ClassNotFoundException': Tree> (0x00000000d60299d8) thrown at [C:\jenkins\workspace\8-2-build-windows-amd64-cygwin\jdk8u281\880\hotspot\src\share\vm\classfile\systemDictionary.cpp, line 212]
Event: 0.297 Thread 0x000002cff02ff800 Exception <a 'java/lang/ClassNotFoundException': Tree> (0x00000000d602a118) thrown at [C:\jenkins\workspace\8-2-build-windows-amd64-cygwin\jdk8u281\880\hotspot\src\share\vm\classfile\systemDictionary.cpp, line 212]
Event: 0.297 Thread 0x000002cff02ff800 Exception <a 'java/lang/ClassNotFoundException': javax/swing/JTreeCell> (0x00000000d602a498) thrown at [C:\jenkins\workspace\8-2-build-windows-amd64-cygwin\jdk8u281\880\hotspot\src\share\vm\classfile\systemDictionary.cpp, line 212]
Event: 0.297 Thread 0x000002cff02ff800 Exception <a 'java/lang/ClassNotFoundException': TreeCell> (0x00000000d602a920) thrown at [C:\jenkins\workspace\8-2-build-windows-amd64-cygwin\jdk8u281\880\hotspot\src\share\vm\classfile\systemDictionary.cpp, line 212]
Event: 0.298 Thread 0x000002cff02ff800 Exception <a 'java/lang/ClassNotFoundException': RootPane> (0x00000000d602b380) thrown at [C:\jenkins\workspace\8-2-build-windows-amd64-cygwin\jdk8u281\880\hotspot\src\share\vm\classfile\systemDictionary.cpp, line 212]
Event: 0.875 Thread 0x000002cff8c0f000 Implicit null exception at 0x000002cf8027e34d to 0x000002cf8027ea4e
Event: 22.094 Thread 0x000002cff8bc0800 Exception <a 'java/lang/NoClassDefFoundError': org/slf4j/impl/StaticLoggerBinder> (0x00000000d63a39a0) thrown at [C:\jenkins\workspace\8-2-build-windows-amd64-cygwin\jdk8u281\880\hotspot\src\share\vm\classfile\systemDictionary.cpp, line 201]

Events (10 events):
Event: 153.548 Thread 0x000002cff8bc0800 DEOPT UNPACKING pc=0x000002cf80047898 sp=0x000000f3a7dfbbb0 mode 0
Event: 155.512 Executing VM operation: RevokeBias
Event: 155.512 Executing VM operation: RevokeBias done
Event: 155.512 Thread 0x000002cffab87800 Thread exited: 0x000002cffab87800
Event: 155.737 Thread 0x000002cff8bc0800 DEOPT PACKING pc=0x000002cf80548170 sp=0x000000f3a7dfc520
Event: 155.737 Thread 0x000002cff8bc0800 DEOPT UNPACKING pc=0x000002cf80047898 sp=0x000000f3a7dfc220 mode 0
Event: 155.738 Thread 0x000002cff8bc0800 DEOPT PACKING pc=0x000002cf80548170 sp=0x000000f3a7dfc520
Event: 155.738 Thread 0x000002cff8bc0800 DEOPT UNPACKING pc=0x000002cf80047898 sp=0x000000f3a7dfc220 mode 0
Event: 155.747 Thread 0x000002cff8bc0800 DEOPT PACKING pc=0x000002cf80548170 sp=0x000000f3a7dfc520
Event: 155.747 Thread 0x000002cff8bc0800 DEOPT UNPACKING pc=0x000002cf80047898 sp=0x000000f3a7dfc220 mode 0


Dynamic libraries:
0x00007ff688a30000 - 0x00007ff688a77000 	C:\Program Files\Java\jdk1.8.0_281\bin\java.exe
0x00007ffce7290000 - 0x00007ffce7486000 	C:\Windows\SYSTEM32\ntdll.dll
0x00007ffce68d0000 - 0x00007ffce698d000 	C:\Windows\System32\KERNEL32.DLL
0x00007ffce4c00000 - 0x00007ffce4ec9000 	C:\Windows\System32\KERNELBASE.dll
0x00007ffce7090000 - 0x00007ffce713c000 	C:\Windows\System32\ADVAPI32.dll
0x00007ffce6820000 - 0x00007ffce68be000 	C:\Windows\System32\msvcrt.dll
0x00007ffce5360000 - 0x00007ffce53fc000 	C:\Windows\System32\sechost.dll
0x00007ffce59f0000 - 0x00007ffce5b1b000 	C:\Windows\System32\RPCRT4.dll
0x00007ffce69f0000 - 0x00007ffce6b90000 	C:\Windows\System32\USER32.dll
0x00007ffce49d0000 - 0x00007ffce49f2000 	C:\Windows\System32\win32u.dll
0x00007ffce5600000 - 0x00007ffce562a000 	C:\Windows\System32\GDI32.dll
0x00007ffce5020000 - 0x00007ffce512b000 	C:\Windows\System32\gdi32full.dll
0x00007ffce4f80000 - 0x00007ffce501d000 	C:\Windows\System32\msvcp_win.dll
0x00007ffce4a00000 - 0x00007ffce4b00000 	C:\Windows\System32\ucrtbase.dll
0x00007ffcca5f0000 - 0x00007ffcca88b000 	C:\Windows\WinSxS\amd64_microsoft.windows.common-controls_6595b64144ccf1df_6.0.19041.746_none_ca02b4b61b8320a4\COMCTL32.dll
0x00007ffce5b20000 - 0x00007ffce5b50000 	C:\Windows\System32\IMM32.DLL
0x00007ffcd74f0000 - 0x00007ffcd7505000 	C:\Program Files\Java\jdk1.8.0_281\jre\bin\vcruntime140.dll
0x00007ffcd3c00000 - 0x00007ffcd3c9b000 	C:\Program Files\Java\jdk1.8.0_281\jre\bin\msvcp140.dll
0x00000000561c0000 - 0x0000000056a1f000 	C:\Program Files\Java\jdk1.8.0_281\jre\bin\server\jvm.dll
0x00007ffce5350000 - 0x00007ffce5358000 	C:\Windows\System32\PSAPI.DLL
0x00007ffcd7160000 - 0x00007ffcd7187000 	C:\Windows\SYSTEM32\WINMM.dll
0x00007ffcdcf60000 - 0x00007ffcdcf6a000 	C:\Windows\SYSTEM32\VERSION.dll
0x00007ffce2940000 - 0x00007ffce2949000 	C:\Windows\SYSTEM32\WSOCK32.dll
0x00007ffce6510000 - 0x00007ffce657b000 	C:\Windows\System32\ws2_32.DLL
0x00007ffce2970000 - 0x00007ffce2982000 	C:\Windows\SYSTEM32\kernel.appcore.dll
0x00007ffcde0e0000 - 0x00007ffcde0f0000 	C:\Program Files\Java\jdk1.8.0_281\jre\bin\verify.dll
0x00007ffcd3ca0000 - 0x00007ffcd3ccb000 	C:\Program Files\Java\jdk1.8.0_281\jre\bin\java.dll
0x00007ffcd7090000 - 0x00007ffcd70a8000 	C:\Program Files\Java\jdk1.8.0_281\jre\bin\zip.dll
0x00007ffce5bd0000 - 0x00007ffce6312000 	C:\Windows\System32\SHELL32.dll
0x00007ffce2b20000 - 0x00007ffce32b0000 	C:\Windows\SYSTEM32\windows.storage.dll
0x00007ffce5690000 - 0x00007ffce59e6000 	C:\Windows\System32\combase.dll
0x00007ffce4430000 - 0x00007ffce445c000 	C:\Windows\SYSTEM32\Wldp.dll
0x00007ffce71a0000 - 0x00007ffce724e000 	C:\Windows\System32\SHCORE.dll
0x00007ffce5630000 - 0x00007ffce5685000 	C:\Windows\System32\shlwapi.dll
0x00007ffce4900000 - 0x00007ffce4926000 	C:\Windows\SYSTEM32\profapi.dll
0x00007ffcb3490000 - 0x00007ffcb3625000 	C:\Program Files\Java\jdk1.8.0_281\jre\bin\awt.dll
0x00007ffce5530000 - 0x00007ffce55fd000 	C:\Windows\System32\OLEAUT32.dll
0x00007ffce2270000 - 0x00007ffce2300000 	C:\Windows\SYSTEM32\apphelp.dll
0x00007ffce24d0000 - 0x00007ffce256e000 	C:\Windows\system32\uxtheme.dll
0x00007ffce6340000 - 0x00007ffce6455000 	C:\Windows\System32\MSCTF.dll
0x00007ffce5400000 - 0x00007ffce552a000 	C:\Windows\System32\ole32.dll
0x00007ffce4ed0000 - 0x00007ffce4f50000 	C:\Windows\System32\bcryptPrimitives.dll
0x00007ffce26b0000 - 0x00007ffce26df000 	C:\Windows\system32\DWMAPI.DLL
0x00007ffcce220000 - 0x00007ffcce269000 	C:\Program Files\Java\jdk1.8.0_281\jre\bin\fontmanager.dll
0x00007ffcd5600000 - 0x00007ffcd5725000 	C:\Windows\system32\opengl32.dll
0x00007ffce02f0000 - 0x00007ffce031c000 	C:\Windows\SYSTEM32\GLU32.dll
0x00007ffce6460000 - 0x00007ffce6509000 	C:\Windows\System32\clbcatq.dll
0x00007ffcdfba0000 - 0x00007ffcdfd54000 	C:\Windows\SYSTEM32\WindowsCodecs.dll
0x00007ffce4f50000 - 0x00007ffce4f77000 	C:\Windows\System32\bcrypt.dll
0x00007ffcd6b10000 - 0x00007ffcd6b4e000 	C:\Windows\system32\dataexchange.dll
0x00007ffce0860000 - 0x00007ffce0ac4000 	C:\Windows\system32\d3d11.dll
0x00007ffce1670000 - 0x00007ffce1857000 	C:\Windows\system32\dcomp.dll
0x00007ffce3430000 - 0x00007ffce3523000 	C:\Windows\system32\dxgi.dll
0x00007ffcdeea0000 - 0x00007ffcdf0a1000 	C:\Windows\system32\twinapi.appcore.dll
0x00007ffcd7050000 - 0x00007ffcd706c000 	C:\Program Files\Java\jdk1.8.0_281\jre\bin\net.dll
0x00007ffce41b0000 - 0x00007ffce421a000 	C:\Windows\system32\mswsock.dll
0x00007ffcd6c40000 - 0x00007ffcd6c53000 	C:\Program Files\Java\jdk1.8.0_281\jre\bin\nio.dll
0x00007ffcc8970000 - 0x00007ffcc89b3000 	C:\Program Files\Java\jdk1.8.0_281\jre\bin\t2k.dll
0x00007ffccfb80000 - 0x00007ffccfbb2000 	C:\Program Files\Java\jdk1.8.0_281\jre\bin\jpeg.dll
0x00007ffcd6860000 - 0x00007ffcd695b000 	C:\Windows\SYSTEM32\textinputframework.dll
0x00007ffce1be0000 - 0x00007ffce1cd2000 	C:\Windows\System32\CoreMessaging.dll
0x00007ffce1ce0000 - 0x00007ffce203e000 	C:\Windows\System32\CoreUIComponents.dll
0x00007ffce1510000 - 0x00007ffce1664000 	C:\Windows\SYSTEM32\wintypes.dll
0x00007ffce3710000 - 0x00007ffce3743000 	C:\Windows\SYSTEM32\ntmarta.dll
0x00007ffcd3bd0000 - 0x00007ffcd3bfa000 	C:\Program Files\Java\jdk1.8.0_281\jre\bin\dcpr.dll
0x00007ffce3ef0000 - 0x00007ffce3fbb000 	C:\Windows\SYSTEM32\DNSAPI.dll
0x00007ffce3e50000 - 0x00007ffce3e8b000 	C:\Windows\SYSTEM32\IPHLPAPI.DLL
0x00007ffce68c0000 - 0x00007ffce68c8000 	C:\Windows\System32\NSI.dll
0x00007ffcd2ce0000 - 0x00007ffcd2cea000 	C:\Windows\System32\rasadhlp.dll
0x00007ffcd2df0000 - 0x00007ffcd2e6f000 	C:\Windows\System32\fwpuclnt.dll
0x00007ffce4380000 - 0x00007ffce4398000 	C:\Windows\SYSTEM32\CRYPTSP.dll
0x00007ffce3ae0000 - 0x00007ffce3b14000 	C:\Windows\system32\rsaenh.dll
0x00007ffce48c0000 - 0x00007ffce48ee000 	C:\Windows\SYSTEM32\USERENV.dll
0x00007ffce43a0000 - 0x00007ffce43ac000 	C:\Windows\SYSTEM32\CRYPTBASE.dll
0x00007ffcdcf20000 - 0x00007ffcdcf37000 	C:\Windows\SYSTEM32\dhcpcsvc6.DLL
0x00007ffcdcf70000 - 0x00007ffcdcf8d000 	C:\Windows\SYSTEM32\dhcpcsvc.DLL
0x0000000070e80000 - 0x0000000070eb5000 	C:\Users\xtrem\AppData\Local\Temp\nativelib-loader_7826178665540732224\jssc.dll
0x0000000180000000 - 0x000000018000b000 	C:\Windows\System32\jnisgfplib\x64\jnisgfplib.dll
0x0000000056110000 - 0x00000000561b3000 	C:\Windows\WinSxS\amd64_microsoft.vc90.crt_1fc8b3b9a1e18e3b_9.0.30729.9625_none_08e1c10da83fbc83\MSVCR90.dll
0x00007ffcc7dc0000 - 0x00007ffcc7dfc000 	C:\Windows\System32\jnisgfplib\x64\sgfplib.dll
0x00007ffce6c20000 - 0x00007ffce7087000 	C:\Windows\System32\SETUPAPI.dll
0x00007ffce4bb0000 - 0x00007ffce4bfe000 	C:\Windows\System32\cfgmgr32.dll
0x00007ffcd3b50000 - 0x00007ffcd3b68000 	C:\Windows\System32\jnisgfplib\x64\sgwsqlib.dll
0x00007ffcd1e10000 - 0x00007ffcd1e41000 	C:\Windows\SYSTEM32\winbio.dll
0x00007ffcd2070000 - 0x00007ffcd207f000 	C:\Windows\SYSTEM32\winbioext.dll
0x000002cffd4e0000 - 0x000002cffd593000 	C:\Windows\SYSTEM32\SGFu03x64.dll
0x00007ffce6580000 - 0x00007ffce665a000 	C:\Windows\System32\COMDLG32.dll
0x00007ffcbcff0000 - 0x00007ffcbd07e000 	C:\Windows\SYSTEM32\WINSPOOL.DRV
0x0000000010000000 - 0x0000000010033000 	C:\Windows\SYSTEM32\sgfpaMX.dll
0x00007ffcddf60000 - 0x00007ffcddf67000 	C:\Windows\System32\jnisgfplib\x64\jnisgnfiqlib.dll
0x00007ffccf680000 - 0x00007ffccf69b000 	C:\Windows\System32\jnisgfplib\x64\sgnfiqlib.dll
0x00007ffccece0000 - 0x00007ffcceec4000 	C:\Windows\SYSTEM32\dbghelp.dll

VM Arguments:
jvm_args: -Dfile.encoding=UTF-8 
java_command: ventanas.Login
java_class_path (initial): C:\Program Files\NetBeans-12.0\netbeans\java\modules\ext\AbsoluteLayout.jar;C:\Users\xtrem\Documents\GitHub\Xtreme-Gym\conector\mysql-connector-java-5.1.46.jar;C:\Users\xtrem\Documents\GitHub\Xtreme-Gym\driver-PDF\itext5-itextpdf-5.5.12.jar;C:\Users\xtrem\Documents\GitHub\Xtreme-Gym\driver-SecuGen\FDxSDKPro.jar;C:\Users\xtrem\Documents\GitHub\Xtreme-Gym\driver-calendario\jcalendar-1.4.jar;C:\Users\xtrem\Documents\GitHub\Xtreme-Gym\driver-arduino\jssc-2.9.2.jar;C:\Users\xtrem\Documents\GitHub\Xtreme-Gym\driver-arduino\PanamaHitek_Arduino-3.0.0.jar;C:\Users\xtrem\Documents\GitHub\Xtreme-Gym\build\classes
Launcher Type: SUN_STANDARD

Environment Variables:
PATH=C:\Program Files (x86)\Common Files\Oracle\Java\javapath;C:\Windows\system32;C:\Windows;C:\Windows\System32\Wbem;C:\Windows\System32\WindowsPowerShell\v1.0\;C:\Windows\System32\OpenSSH\;C:\Windows\System32\jnisgfplib\x64;C:\Users\xtrem\AppData\Local\Microsoft\WindowsApps;C:\Users\xtrem\AppData\Local\GitHubDesktop\bin
USERNAME=xtrem
OS=Windows_NT
PROCESSOR_IDENTIFIER=Intel64 Family 6 Model 142 Stepping 9, GenuineIntel



---------------  S Y S T E M  ---------------

OS: Windows 10.0 , 64 bit Build 19041 (10.0.19041.804)

CPU:total 4 (initial active 4) (2 cores per cpu, 2 threads per core) family 6 model 142 stepping 9, cmov, cx8, fxsr, mmx, sse, sse2, sse3, ssse3, sse4.1, sse4.2, popcnt, avx, avx2, aes, clmul, erms, 3dnowpref, lzcnt, ht, tsc, tscinvbit, bmi1, bmi2, adx

Memory: 4k page, physical 8302412k(3825292k free), swap 9613132k(3955468k free)

vm_info: Java HotSpot(TM) 64-Bit Server VM (25.281-b09) for windows-amd64 JRE (1.8.0_281-b09), built on Dec  9 2020 13:54:07 by "" with MS VC++ 15.9 (VS2017)

time: Thu Feb 25 21:47:06 2021
timezone: Hora est. Pacífico, Sudamérica
elapsed time: 312.685712 seconds (0d 0h 5m 12s)

